[debug] [2023-12-06T21:31:26.639Z] ----------------------------------------------------------------------
[debug] [2023-12-06T21:31:26.641Z] Command:       /usr/local/bin/node /usr/local/bin/firebase deploy
[debug] [2023-12-06T21:31:26.641Z] CLI Version:   12.9.1
[debug] [2023-12-06T21:31:26.642Z] Platform:      darwin
[debug] [2023-12-06T21:31:26.642Z] Node Version:  v18.17.0
[debug] [2023-12-06T21:31:26.643Z] Time:          Wed Dec 06 2023 16:31:26 GMT-0500 (hora estándar de Colombia)
[debug] [2023-12-06T21:31:26.644Z] ----------------------------------------------------------------------
[debug] 
[debug] [2023-12-06T21:31:26.725Z] > command requires scopes: ["email","openid","https://www.googleapis.com/auth/cloudplatformprojects.readonly","https://www.googleapis.com/auth/firebase","https://www.googleapis.com/auth/cloud-platform"]
[debug] [2023-12-06T21:31:26.726Z] > authorizing via signed-in user (andres.motta.joum@gmail.com)
[debug] [2023-12-06T21:31:26.726Z] [iam] checking project angular-app-c59be for permissions ["cloudfunctions.functions.create","cloudfunctions.functions.delete","cloudfunctions.functions.get","cloudfunctions.functions.list","cloudfunctions.functions.update","cloudfunctions.operations.get","datastore.indexes.create","datastore.indexes.delete","datastore.indexes.list","datastore.indexes.update","firebase.projects.get","firebasehosting.sites.update"]
[debug] [2023-12-06T21:31:26.728Z] > refreshing access token with scopes: []
[debug] [2023-12-06T21:31:26.730Z] >>> [apiv2][query] POST https://www.googleapis.com/oauth2/v3/token [none]
[debug] [2023-12-06T21:31:26.730Z] >>> [apiv2][body] POST https://www.googleapis.com/oauth2/v3/token [omitted]
[debug] [2023-12-06T21:31:27.052Z] <<< [apiv2][status] POST https://www.googleapis.com/oauth2/v3/token 200
[debug] [2023-12-06T21:31:27.052Z] <<< [apiv2][body] POST https://www.googleapis.com/oauth2/v3/token [omitted]
[debug] [2023-12-06T21:31:27.080Z] >>> [apiv2][query] POST https://cloudresourcemanager.googleapis.com/v1/projects/angular-app-c59be:testIamPermissions [none]
[debug] [2023-12-06T21:31:27.080Z] >>> [apiv2][(partial)header] POST https://cloudresourcemanager.googleapis.com/v1/projects/angular-app-c59be:testIamPermissions x-goog-quota-user=projects/angular-app-c59be
[debug] [2023-12-06T21:31:27.080Z] >>> [apiv2][body] POST https://cloudresourcemanager.googleapis.com/v1/projects/angular-app-c59be:testIamPermissions {"permissions":["cloudfunctions.functions.create","cloudfunctions.functions.delete","cloudfunctions.functions.get","cloudfunctions.functions.list","cloudfunctions.functions.update","cloudfunctions.operations.get","datastore.indexes.create","datastore.indexes.delete","datastore.indexes.list","datastore.indexes.update","firebase.projects.get","firebasehosting.sites.update"]}
[debug] [2023-12-06T21:31:27.662Z] <<< [apiv2][status] POST https://cloudresourcemanager.googleapis.com/v1/projects/angular-app-c59be:testIamPermissions 200
[debug] [2023-12-06T21:31:27.662Z] <<< [apiv2][body] POST https://cloudresourcemanager.googleapis.com/v1/projects/angular-app-c59be:testIamPermissions {"permissions":["cloudfunctions.functions.create","cloudfunctions.functions.delete","cloudfunctions.functions.get","cloudfunctions.functions.list","cloudfunctions.functions.update","cloudfunctions.operations.get","datastore.indexes.create","datastore.indexes.delete","datastore.indexes.list","datastore.indexes.update","firebase.projects.get","firebasehosting.sites.update"]}
[debug] [2023-12-06T21:31:27.662Z] >>> [apiv2][query] POST https://iam.googleapis.com/v1/projects/angular-app-c59be/serviceAccounts/angular-app-c59be@appspot.gserviceaccount.com:testIamPermissions [none]
[debug] [2023-12-06T21:31:27.662Z] >>> [apiv2][body] POST https://iam.googleapis.com/v1/projects/angular-app-c59be/serviceAccounts/angular-app-c59be@appspot.gserviceaccount.com:testIamPermissions {"permissions":["iam.serviceAccounts.actAs"]}
[debug] [2023-12-06T21:31:28.776Z] <<< [apiv2][status] POST https://iam.googleapis.com/v1/projects/angular-app-c59be/serviceAccounts/angular-app-c59be@appspot.gserviceaccount.com:testIamPermissions 200
[debug] [2023-12-06T21:31:28.776Z] <<< [apiv2][body] POST https://iam.googleapis.com/v1/projects/angular-app-c59be/serviceAccounts/angular-app-c59be@appspot.gserviceaccount.com:testIamPermissions {"permissions":["iam.serviceAccounts.actAs"]}
[debug] [2023-12-06T21:31:28.777Z] >>> [apiv2][query] GET https://firebase.googleapis.com/v1beta1/projects/angular-app-c59be [none]
[debug] [2023-12-06T21:31:29.177Z] <<< [apiv2][status] GET https://firebase.googleapis.com/v1beta1/projects/angular-app-c59be 200
